<?xml version="1.0" encoding="UTF-8"?>
<testsuite xmlns:xsi="http://www.w3.org/2001/XMLSchema-instance" xsi:noNamespaceSchemaLocation="https://maven.apache.org/surefire/maven-surefire-plugin/xsd/surefire-test-report.xsd" name="com.hologramsciences.SQLRestaurantServiceTest" time="0.533" tests="4" errors="0" skipped="0" failures="0">
  <properties>
[...]
</properties>
  <testcase name="getRestaurantWithThreeOrMoreMenuItems" classname="com.hologramsciences.SQLRestaurantServiceTest" time="0.024"/>
  <testcase name="getAllRestaurantsIsNotEmpty" classname="com.hologramsciences.SQLRestaurantServiceTest" time="0.005"/>
  <testcase name="getOpenLate" classname="com.hologramsciences.SQLRestaurantServiceTest" time="0.007"/>
  <testcase name="getOpenReallyLate" classname="com.hologramsciences.SQLRestaurantServiceTest" time="0.005"/>
</testsuite>